0 info it worked if it ends with ok
1 verbose cli [ '/usr/local/bin/node', '/usr/local/bin/npm', 'publish' ]
2 info using npm@2.15.5
3 info using node@v4.4.5
4 verbose publish [ '.' ]
5 silly cache add args [ '.', null ]
6 verbose cache add spec .
7 silly cache add parsed spec Result {
7 silly cache add   raw: '.',
7 silly cache add   scope: null,
7 silly cache add   name: null,
7 silly cache add   rawSpec: '.',
7 silly cache add   spec: '/Users/gochinj/ws/noinfopath-v3/noinfopath',
7 silly cache add   type: 'directory' }
8 verbose addLocalDirectory /Users/gochinj/.npm/@noinfopath/noinfopath/2.0.5/package.tgz not in flight; packing
9 verbose correctMkdir /Users/gochinj/.npm correctMkdir not in flight; initializing
10 verbose tar pack [ '/Users/gochinj/.npm/@noinfopath/noinfopath/2.0.5/package.tgz',
10 verbose tar pack   '/Users/gochinj/ws/noinfopath-v3/noinfopath' ]
11 verbose tarball /Users/gochinj/.npm/@noinfopath/noinfopath/2.0.5/package.tgz
12 verbose folder /Users/gochinj/ws/noinfopath-v3/noinfopath
13 info prepublish @noinfopath/noinfopath@2.0.5
14 verbose addLocalTarball adding from inside cache /Users/gochinj/.npm/@noinfopath/noinfopath/2.0.5/package.tgz
15 verbose correctMkdir /Users/gochinj/.npm correctMkdir not in flight; initializing
16 silly cache afterAdd @noinfopath/noinfopath@2.0.5
17 verbose afterAdd /Users/gochinj/.npm/@noinfopath/noinfopath/2.0.5/package/package.json not in flight; writing
18 verbose correctMkdir /Users/gochinj/.npm correctMkdir not in flight; initializing
19 verbose afterAdd /Users/gochinj/.npm/@noinfopath/noinfopath/2.0.5/package/package.json written
20 silly publish { name: '@noinfopath/noinfopath',
20 silly publish   version: '2.0.5',
20 silly publish   description: 'noInfoPath module',
20 silly publish   main: 'noinfopath.js',
20 silly publish   directories: { test: 'test' },
20 silly publish   scripts: { test: 'echo "Error: no test specified" && exit 1' },
20 silly publish   repository:
20 silly publish    { type: 'git',
20 silly publish      url: 'http://gitlab.imginconline.com/noinfopath/noinfopath.git' },
20 silly publish   author:
20 silly publish    { name: 'noInfoPath',
20 silly publish      email: 'info@noInfoPath.org',
20 silly publish      url: 'http://www.noinfopath.org/' },
20 silly publish   license: 'MIT',
20 silly publish   devDependencies:
20 silly publish    { 'angular-mocks': '^1.3.15',
20 silly publish      'es5-shim': '^4.1.6',
20 silly publish      grunt: '^0.4.5',
20 silly publish      'grunt-contrib-concat': '^0.5.1',
20 silly publish      'grunt-contrib-copy': '^0.8.0',
20 silly publish      'grunt-contrib-watch': '^0.6.1',
20 silly publish      'grunt-karma': '^0.10.1',
20 silly publish      'grunt-nodocs': '0.0.10',
20 silly publish      'jasmine-ajax': '^3.0.0',
20 silly publish      'jasmine-core': '^2.1.3',
20 silly publish      jsdoc: '^3.3.0-beta1',
20 silly publish      'jshint-stylish': '^1.0.1',
20 silly publish      karma: '^0.12.28',
20 silly publish      'karma-chrome-launcher': '^0.1.7',
20 silly publish      'karma-coverage': '^0.2.7',
20 silly publish      'karma-html-reporter': '^0.2.4',
20 silly publish      'karma-ie-launcher': '^0.1.5',
20 silly publish      'karma-jasmine': '^0.3.3',
20 silly publish      'karma-phantomjs-launcher': '^0.1.4',
20 silly publish      'karma-safari-launcher': '^0.1.1',
20 silly publish      'karma-verbose-reporter': '0.0.1',
20 silly publish      phantomjs: '^1.9.15',
20 silly publish      'grunt-bumpup': '^0.6.2',
20 silly publish      'grunt-version': '^1.0.0' },
20 silly publish   dependencies: { angular: '^1.3.15', 'angular-PubSub': '^1.0.0' },
20 silly publish   readme: '# NoInfoPath\n@version 2.0.5\n\nAlias a method while keeping the context correct,\nto allow for overwriting of target method.\n\n@private\n@this {PubSub}\n@param {String} fn The name of the target method.\n@return {function} The aliased method.\n\nSubscribe to events of interest with a specific topic name and a\ncallback function, to be executed when the topic/event is observed.\n\n@this {PubSub}\n@param {String} topic The topic name.\n@param {function} callback Callback function to execute on event, taking two arguments:\n       - {*} data The data passed when publishing an event\n       - {Object} topic  The topic\'s info (name & token)\n@param {Boolean} [once=false] Checks if event will be triggered only one time.\n@return {Number} The topic\'s token.\n\nSubscribe to events of interest setting a flag\nindicating the event will be published only one time.\n\n@this {PubSub}\n@param {String} topic The topic\'s name.\n@param {function} callback Callback function to execute on event, taking two arguments:\n       - {*} data The data passed when publishing an event\n       - {Object} topic The topic\'s info (name & token)\n@return {Number} The topic\'s token.\n\nPublish or broadcast events of interest with a specific\ntopic name and arguments such as the data to pass along.\n\n@this {PubSub}\n@param {String} topic The topic\'s name.\n@param {*} [data] The data to be passed.\n@return {Boolean} True if topic exists and event is published; otherwise false.\n\nUnsubscribe from a specific topic, based on the topic name,\nor based on a tokenized reference to the subscription.\n\n@this {PubSub}\n@param {String|Object} topic Topic\'s name or subscription referenece.\n@return {Boolean|String} False if `topic` does not match a subscribed event, else the topic\'s name.\n\n',
20 silly publish   readmeFilename: 'README.md',
20 silly publish   gitHead: '0e2780e6b9f7d07ddffdcebc3b0307e6ff0ffb58',
20 silly publish   _id: '@noinfopath/noinfopath@2.0.5',
20 silly publish   _shasum: 'd97dc3b86bb18156ba159f944eae809f2184e1d5',
20 silly publish   _from: '.' }
21 verbose getPublishConfig undefined
22 silly mapToRegistry name @noinfopath/noinfopath
23 silly mapToRegistry scope (from package name) @noinfopath
24 verbose mapToRegistry no registry URL found in name for scope @noinfopath
25 silly mapToRegistry using default registry
26 silly mapToRegistry registry https://registry.npmjs.org/
27 silly mapToRegistry data Result {
27 silly mapToRegistry   raw: '@noinfopath/noinfopath',
27 silly mapToRegistry   scope: '@noinfopath',
27 silly mapToRegistry   name: '@noinfopath/noinfopath',
27 silly mapToRegistry   rawSpec: '',
27 silly mapToRegistry   spec: 'latest',
27 silly mapToRegistry   type: 'tag' }
28 silly mapToRegistry uri https://registry.npmjs.org/@noinfopath%2fnoinfopath
29 verbose publish registryBase https://registry.npmjs.org/
30 silly publish uploading /Users/gochinj/.npm/@noinfopath/noinfopath/2.0.5/package.tgz
31 verbose request uri https://registry.npmjs.org/@noinfopath%2fnoinfopath
32 verbose request sending authorization for write operation
33 info attempt registry request try #1 at 1:49:37 PM
34 verbose request using bearer token for auth
35 verbose request id 828673a5f5ef413d
36 http request PUT https://registry.npmjs.org/@noinfopath%2fnoinfopath
37 http 403 https://registry.npmjs.org/@noinfopath%2fnoinfopath
38 verbose headers { 'content-type': 'application/json',
38 verbose headers   'cache-control': 'max-age=0',
38 verbose headers   'content-length': '95',
38 verbose headers   'accept-ranges': 'bytes',
38 verbose headers   date: 'Wed, 28 Sep 2016 17:49:38 GMT',
38 verbose headers   via: '1.1 varnish',
38 verbose headers   connection: 'keep-alive',
38 verbose headers   'x-served-by': 'cache-iad2141-IAD',
38 verbose headers   'x-cache': 'MISS',
38 verbose headers   'x-cache-hits': '0',
38 verbose headers   'x-timer': 'S1475084977.355176,VS0,VE906' }
39 verbose request invalidating /Users/gochinj/.npm/registry.npmjs.org/_40noinfopath_252fnoinfopath on PUT
40 error publish Failed PUT 403
41 verbose stack Error: "You cannot publish over the previously published version 2.0.5." : @noinfopath/noinfopath
41 verbose stack     at makeError (/usr/local/lib/node_modules/npm/node_modules/npm-registry-client/lib/request.js:264:12)
41 verbose stack     at CachingRegistryClient.<anonymous> (/usr/local/lib/node_modules/npm/node_modules/npm-registry-client/lib/request.js:252:14)
41 verbose stack     at Request._callback (/usr/local/lib/node_modules/npm/node_modules/npm-registry-client/lib/request.js:172:14)
41 verbose stack     at Request.self.callback (/usr/local/lib/node_modules/npm/node_modules/request/request.js:200:22)
41 verbose stack     at emitTwo (events.js:87:13)
41 verbose stack     at Request.emit (events.js:172:7)
41 verbose stack     at Request.<anonymous> (/usr/local/lib/node_modules/npm/node_modules/request/request.js:1067:10)
41 verbose stack     at emitOne (events.js:82:20)
41 verbose stack     at Request.emit (events.js:169:7)
41 verbose stack     at IncomingMessage.<anonymous> (/usr/local/lib/node_modules/npm/node_modules/request/request.js:988:12)
42 verbose statusCode 403
43 verbose pkgid @noinfopath/noinfopath
44 verbose cwd /Users/gochinj/ws/noinfopath-v3/noinfopath
45 error Darwin 15.6.0
46 error argv "/usr/local/bin/node" "/usr/local/bin/npm" "publish"
47 error node v4.4.5
48 error npm  v2.15.5
49 error code E403
50 error "You cannot publish over the previously published version 2.0.5." : @noinfopath/noinfopath
51 error If you need help, you may report this error at:
51 error     <https://github.com/npm/npm/issues>
52 verbose exit [ 1, true ]
